Arguments: 
  C:\Program Files\nodejs\node.exe C:\Users\mostafizur\AppData\Roaming\npm\node_modules\yarn\bin\yarn.js add https://www.prisma.io/docs/getting-started/setup-prisma/start-from-scratc/relaional-daabases-tyehttpscript-postgresql

PATH: 
  C:\Users\mostafizur\bin;C:\Program Files\Git\mingw64\bin;C:\Program Files\Git\usr\local\bin;C:\Program Files\Git\usr\bin;C:\Program Files\Git\usr\bin;C:\Program Files\Git\mingw64\bin;C:\Program Files\Git\usr\bin;C:\Users\mostafizur\bin;C:\WINDOWS\system32;C:\WINDOWS;C:\WINDOWS\System32\Wbem;C:\WINDOWS\System32\WindowsPowerShell\v1.0;C:\WINDOWS\System32\OpenSSH;C:\Program Files\Git\cmd;%NVM_HOME%;%NVM_SYMLINK%;C:\Users\mostafizur\AppData\Local\Microsoft\WindowsApps;C:\Users\mostafizur\AppData\Roaming\npm;C:\Users\mostafizur\AppData\Local\Programs\Microsoft VS Code\bin;C:\Users\mostafizur\AppData\Roaming\nvm;C:\Program Files\nodejs;C:\Program Files\Git\usr\bin\vendor_perl;C:\Program Files\Git\usr\bin\core_perl

Yarn version: 
  1.22.19

Node version: 
  16.15.1

Platform: 
  win32 x64

Trace: 
  Error: https://www.prisma.io/docs/getting-started/setup-prisma/start-from-scratc/relaional-daabases-tyehttpscript-postgresql: Request failed "404 Not Found"
      at ResponseError.ExtendableBuiltin (C:\Users\mostafizur\AppData\Roaming\npm\node_modules\yarn\lib\cli.js:696:66)
      at new ResponseError (C:\Users\mostafizur\AppData\Roaming\npm\node_modules\yarn\lib\cli.js:802:124)
      at Request.<anonymous> (C:\Users\mostafizur\AppData\Roaming\npm\node_modules\yarn\lib\cli.js:66215:16)
      at Request.emit (node:events:527:28)
      at Request.module.exports.Request.onRequestResponse (C:\Users\mostafizur\AppData\Roaming\npm\node_modules\yarn\lib\cli.js:141767:10)
      at ClientRequest.emit (node:events:527:28)
      at HTTPParser.parserOnIncomingClient (node:_http_client:631:27)
      at HTTPParser.parserOnHeadersComplete (node:_http_common:128:17)
      at TLSSocket.socketOnData (node:_http_client:494:22)
      at TLSSocket.emit (node:events:527:28)

npm manifest: 
  {
    "name": "32",
    "version": "1.0.0",
    "main": "index.js",
    "license": "MIT"
  }

yarn manifest: 
  No manifest

Lockfile: 
  No lockfile
